<?xml version="1.0" encoding="UTF-8"?>
<testng-results ignored="0" total="2" passed="2" failed="0" skipped="0">
  <reporter-output>
  </reporter-output>
  <suite started-at="2023-05-21T17:24:46 EDT" name="Default suite" finished-at="2023-05-21T17:24:56 EDT" duration-ms="10091">
    <groups>
    </groups>
    <test started-at="2023-05-21T17:24:46 EDT" name="Default test" finished-at="2023-05-21T17:24:56 EDT" duration-ms="10091">
      <class name="com.test.MultiTest">
        <test-method is-config="true" signature="Initalization()[pri:0, instance:com.test.MultiTest@16a0ee18]" started-at="2023-05-21T17:24:46 EDT" name="Initalization" finished-at="2023-05-21T17:24:49 EDT" duration-ms="3753" status="PASS">
          <reporter-output>
          </reporter-output>
        </test-method> <!-- Initalization -->
        <test-method signature="DropDown()[pri:1, instance:com.test.MultiTest@16a0ee18]" started-at="2023-05-21T17:24:49 EDT" name="DropDown" finished-at="2023-05-21T17:24:50 EDT" duration-ms="565" status="PASS">
          <reporter-output>
          </reporter-output>
        </test-method> <!-- DropDown -->
        <test-method is-config="true" signature="CleanUp()[pri:0, instance:com.test.MultiTest@16a0ee18]" started-at="2023-05-21T17:24:50 EDT" name="CleanUp" finished-at="2023-05-21T17:24:50 EDT" duration-ms="127" status="PASS">
          <reporter-output>
          </reporter-output>
        </test-method> <!-- CleanUp -->
        <test-method is-config="true" signature="Initalization()[pri:0, instance:com.test.MultiTest@16a0ee18]" started-at="2023-05-21T17:24:50 EDT" name="Initalization" finished-at="2023-05-21T17:24:53 EDT" duration-ms="2978" status="PASS">
          <reporter-output>
          </reporter-output>
        </test-method> <!-- Initalization -->
        <test-method signature="AdvanceDropDown()[pri:2, instance:com.test.MultiTest@16a0ee18]" started-at="2023-05-21T17:24:53 EDT" name="AdvanceDropDown" finished-at="2023-05-21T17:24:56 EDT" duration-ms="2519" status="PASS">
          <reporter-output>
          </reporter-output>
        </test-method> <!-- AdvanceDropDown -->
        <test-method is-config="true" signature="CleanUp()[pri:0, instance:com.test.MultiTest@16a0ee18]" started-at="2023-05-21T17:24:56 EDT" name="CleanUp" finished-at="2023-05-21T17:24:56 EDT" duration-ms="124" status="PASS">
          <reporter-output>
          </reporter-output>
        </test-method> <!-- CleanUp -->
      </class> <!-- com.test.MultiTest -->
    </test> <!-- Default test -->
  </suite> <!-- Default suite -->
</testng-results>
